<?xml version='1.0'?>
<ns2:test-suite xmlns:ns2='urn:model.allure.qatools.yandex.ru' start='1650078649333' stop='1650078667020'>
    <name>Check the Sign In Functions</name>
    <title>Check the Sign In Functions</title>
    <test-cases>
        <test-case start='1650078649336' status='broken' stop='1650078664976'>
            <name>Function Of ValidUserName And InValidPassword</name>
            <title>Function Of ValidUserName And InValidPassword</title>
            <labels>
                <label name='language' value='javascript'/>
                <label name='framework' value='wdio'/>
                <label name='thread' value='0-0'/>
            </labels>
            <parameters>
                <parameter kind='argument' name='browser' value='chrome-100.0.4896.127'/>
            </parameters>
            <steps>
                <step start='1650078649342' status='passed' stop='1650078660425'>
                    <name>POST /session/:sessionId/url</name>
                    <title>POST /session/:sessionId/url</title>
                    <attachments>
                        <attachment title='Request' source='e23147bc-8d3e-49ae-952c-0ed2842ce8ea-attachment.json' type='application/json' size='38'/>
                    </attachments>
                    <steps/>
                </step>
                <step start='1650078660425' status='passed' stop='1650078660597'>
                    <name>POST /session/:sessionId/window/maximize</name>
                    <title>POST /session/:sessionId/window/maximize</title>
                    <attachments>
                        <attachment title='Response' source='d7fb6251-255f-4648-b627-b7ca64950c39-attachment.json' type='application/json' size='58'/>
                    </attachments>
                    <steps/>
                </step>
                <step start='1650078662618' status='passed' stop='1650078662697'>
                    <name>POST /session/:sessionId/element</name>
                    <title>POST /session/:sessionId/element</title>
                    <attachments>
                        <attachment title='Request' source='3fa7f219-9fde-498d-9b44-a1e65d116d04-attachment.json' type='application/json' size='63'/>
                        <attachment title='Response' source='1628f15c-4935-4d6a-9a04-8d51a5be7e3d-attachment.json' type='application/json' size='83'/>
                    </attachments>
                    <steps/>
                </step>
                <step start='1650078662729' status='passed' stop='1650078662891'>
                    <name>POST /session/:sessionId/element/ac636e85-dfab-43ef-bee9-36f0efa02643/click</name>
                    <title>POST /session/:sessionId/element/ac636e85-dfab-43ef-bee9-36f0efa02643/click</title>
                    <attachments/>
                    <steps/>
                </step>
                <step start='1650078664898' status='passed' stop='1650078664958'>
                    <name>POST /session/:sessionId/frame</name>
                    <title>POST /session/:sessionId/frame</title>
                    <attachments>
                        <attachment title='Request' source='ab3313dd-5d2d-4431-9e74-5ee370794546-attachment.json' type='application/json' size='14'/>
                    </attachments>
                    <steps/>
                </step>
            </steps>
            <attachments/>
            <failure>
                <message>inValidPassword is not defined</message>
                <stack-trace>ReferenceError: inValidPassword is not defined
                    at Context.&lt;anonymous> (C:\Users\FL_LPT-201\Documents\forbes\test\specs\/login.js:14:57)
                    at processTicksAndRejections (node:internal/process/task_queues:96:5)</stack-trace>
            </failure>
        </test-case>
        <test-case start='1650078664978' status='broken' stop='1650078664985'>
            <name>Function Of InValidUserName And ValidPassword</name>
            <title>Function Of InValidUserName And ValidPassword</title>
            <labels>
                <label name='language' value='javascript'/>
                <label name='framework' value='wdio'/>
                <label name='thread' value='0-0'/>
            </labels>
            <parameters>
                <parameter kind='argument' name='browser' value='chrome-100.0.4896.127'/>
            </parameters>
            <steps/>
            <attachments/>
            <failure>
                <message>password is not defined</message>
                <stack-trace>ReferenceError: password is not defined
                    at Context.&lt;anonymous> (C:\Users\FL_LPT-201\Documents\forbes\test\specs\/login.js:23:60)
                    at Context.executeAsync (C:\Users\FL_LPT-201\Documents\forbes\node_modules\@wdio\utils\build\shim.js:331:27)
                    at Context.testFrameworkFnWrapper (C:\Users\FL_LPT-201\Documents\forbes\node_modules\@wdio\utils\build\test-framework\testFnWrapper.js:45:32)</stack-trace>
            </failure>
        </test-case>
        <test-case start='1650078664986' status='broken' stop='1650078664988'>
            <name>Function Of InValidUserName And InValidPassword</name>
            <title>Function Of InValidUserName And InValidPassword</title>
            <labels>
                <label name='language' value='javascript'/>
                <label name='framework' value='wdio'/>
                <label name='thread' value='0-0'/>
            </labels>
            <parameters>
                <parameter kind='argument' name='browser' value='chrome-100.0.4896.127'/>
            </parameters>
            <steps/>
            <attachments/>
            <failure>
                <message>inValidPassword is not defined</message>
                <stack-trace>ReferenceError: inValidPassword is not defined
                    at Context.&lt;anonymous> (C:\Users\FL_LPT-201\Documents\forbes\test\specs\/login.js:31:60)
                    at Context.executeAsync (C:\Users\FL_LPT-201\Documents\forbes\node_modules\@wdio\utils\build\shim.js:331:27)
                    at Context.testFrameworkFnWrapper (C:\Users\FL_LPT-201\Documents\forbes\node_modules\@wdio\utils\build\test-framework\testFnWrapper.js:45:32)</stack-trace>
            </failure>
        </test-case>
        <test-case start='1650078664989' status='broken' stop='1650078664991'>
            <name>Email Empty</name>
            <title>Email Empty</title>
            <labels>
                <label name='language' value='javascript'/>
                <label name='framework' value='wdio'/>
                <label name='thread' value='0-0'/>
            </labels>
            <parameters>
                <parameter kind='argument' name='browser' value='chrome-100.0.4896.127'/>
            </parameters>
            <steps/>
            <attachments/>
            <failure>
                <message>inValidPassword is not defined</message>
                <stack-trace>ReferenceError: inValidPassword is not defined
                    at Context.&lt;anonymous> (C:\Users\FL_LPT-201\Documents\forbes\test\specs\/login.js:39:62)
                    at Context.executeAsync (C:\Users\FL_LPT-201\Documents\forbes\node_modules\@wdio\utils\build\shim.js:331:27)
                    at Context.testFrameworkFnWrapper (C:\Users\FL_LPT-201\Documents\forbes\node_modules\@wdio\utils\build\test-framework\testFnWrapper.js:45:32)</stack-trace>
            </failure>
        </test-case>
        <test-case start='1650078664992' status='broken' stop='1650078667014'>
            <name>Email Password</name>
            <title>Email Password</title>
            <labels>
                <label name='language' value='javascript'/>
                <label name='framework' value='wdio'/>
                <label name='thread' value='0-0'/>
                <label name='language' value='javascript'/>
                <label name='framework' value='wdio'/>
                <label name='thread' value='0-0'/>
            </labels>
            <parameters>
                <parameter kind='argument' name='browser' value='chrome-100.0.4896.127'/>
                <parameter kind='argument' name='browser' value='chrome-100.0.4896.127'/>
            </parameters>
            <steps/>
            <attachments/>
            <failure>
                <message>password is not defined</message>
                <stack-trace>ReferenceError: password is not defined
                    at Context.&lt;anonymous> (C:\Users\FL_LPT-201\Documents\forbes\test\specs\/login.js:57:57)</stack-trace>
            </failure>
        </test-case>
    </test-cases>
</ns2:test-suite>