<?xml version='1.0'?>
<ns2:test-suite xmlns:ns2='urn:model.allure.qatools.yandex.ru' start='1650354008982' stop='1650354032431'>
    <name>Check the Sign In Functions</name>
    <title>Check the Sign In Functions</title>
    <test-cases>
        <test-case start='1650354008982' status='passed' stop='1650354027060'>
            <name>Email Empty</name>
            <title>Email Empty</title>
            <labels>
                <label name='language' value='javascript'/>
                <label name='framework' value='wdio'/>
                <label name='thread' value='0-0'/>
            </labels>
            <parameters>
                <parameter kind='argument' name='browser' value='chrome-100.0.4896.127'/>
            </parameters>
            <steps>
                <step start='1650354008984' status='passed' stop='1650354016618'>
                    <name>POST /session/:sessionId/url</name>
                    <title>POST /session/:sessionId/url</title>
                    <attachments>
                        <attachment title='Request' source='eaec7369-8833-40f2-8bff-719e1cddbdd8-attachment.json' type='application/json' size='38'/>
                    </attachments>
                    <steps/>
                </step>
                <step start='1650354016618' status='passed' stop='1650354016867'>
                    <name>POST /session/:sessionId/window/maximize</name>
                    <title>POST /session/:sessionId/window/maximize</title>
                    <attachments>
                        <attachment title='Response' source='7c33e4e3-eafd-4f3a-ac0b-4b7fe13b87d4-attachment.json' type='application/json' size='58'/>
                    </attachments>
                    <steps/>
                </step>
                <step start='1650354018875' status='passed' stop='1650354018906'>
                    <name>POST /session/:sessionId/element</name>
                    <title>POST /session/:sessionId/element</title>
                    <attachments>
                        <attachment title='Request' source='46eef5c0-b3db-4d2e-a5aa-e989493dc926-attachment.json' type='application/json' size='63'/>
                        <attachment title='Response' source='1a3b0910-fffa-49c8-9d24-8c69b9cbe65b-attachment.json' type='application/json' size='83'/>
                    </attachments>
                    <steps/>
                </step>
                <step start='1650354018912' status='passed' stop='1650354018973'>
                    <name>POST /session/:sessionId/element/d4a8b9bd-3043-4f9f-85e4-55a4848586f4/click</name>
                    <title>POST /session/:sessionId/element/d4a8b9bd-3043-4f9f-85e4-55a4848586f4/click</title>
                    <attachments/>
                    <steps/>
                </step>
                <step start='1650354020982' status='passed' stop='1650354021011'>
                    <name>POST /session/:sessionId/frame</name>
                    <title>POST /session/:sessionId/frame</title>
                    <attachments>
                        <attachment title='Request' source='ca71ad79-0e0d-4f62-a7a1-813b7f533abf-attachment.json' type='application/json' size='14'/>
                    </attachments>
                    <steps/>
                </step>
                <step start='1650354021012' status='passed' stop='1650354021033'>
                    <name>POST /session/:sessionId/element</name>
                    <title>POST /session/:sessionId/element</title>
                    <attachments>
                        <attachment title='Request' source='48dc0b57-2e5e-4974-aed3-f517639fb106-attachment.json' type='application/json' size='53'/>
                        <attachment title='Response' source='0d9c31f4-c36f-488b-bdd2-00507ce092d6-attachment.json' type='application/json' size='1029'/>
                    </attachments>
                    <steps/>
                </step>
                <step start='1650354021041' status='passed' stop='1650354021063'>
                    <name>POST /session/:sessionId/elements</name>
                    <title>POST /session/:sessionId/elements</title>
                    <attachments>
                        <attachment title='Request' source='8404f2cf-3e8c-421b-9caa-e62a7a2832aa-attachment.json' type='application/json' size='53'/>
                        <attachment title='Response' source='7839ae1b-9e2a-44a7-a5a5-f4985a593f2a-attachment.json' type='application/json' size='2'/>
                    </attachments>
                    <steps/>
                </step>
                <step start='1650354021555' status='passed' stop='1650354021573'>
                    <name>POST /session/:sessionId/elements</name>
                    <title>POST /session/:sessionId/elements</title>
                    <attachments>
                        <attachment title='Request' source='d29266ac-749a-4038-81e1-a87abf6fbb58-attachment.json' type='application/json' size='53'/>
                        <attachment title='Response' source='1cfd39c9-7eba-4fe1-9abf-3d21c126c2b2-attachment.json' type='application/json' size='93'/>
                    </attachments>
                    <steps/>
                </step>
                <step start='1650354021577' status='passed' stop='1650354021596'>
                    <name>POST /session/:sessionId/element</name>
                    <title>POST /session/:sessionId/element</title>
                    <attachments>
                        <attachment title='Request' source='e1d1f754-9e8a-4e1c-90e6-097f5ad82de5-attachment.json' type='application/json' size='53'/>
                        <attachment title='Response' source='9a0b5c5a-be16-4efe-ba2d-271f4de218dc-attachment.json' type='application/json' size='83'/>
                    </attachments>
                    <steps/>
                </step>
                <step start='1650354021599' status='passed' stop='1650354021632'>
                    <name>POST /session/:sessionId/element/3ac762a2-12f0-4285-b975-2134dbdfa723/clear</name>
                    <title>POST /session/:sessionId/element/3ac762a2-12f0-4285-b975-2134dbdfa723/clear</title>
                    <attachments/>
                    <steps/>
                </step>
                <step start='1650354021637' status='passed' stop='1650354021687'>
                    <name>POST /session/:sessionId/element/3ac762a2-12f0-4285-b975-2134dbdfa723/value</name>
                    <title>POST /session/:sessionId/element/3ac762a2-12f0-4285-b975-2134dbdfa723/value</title>
                    <attachments>
                        <attachment title='Request' source='907ef13d-e1b7-4d41-9d2b-cc75488b8c9f-attachment.json' type='application/json' size='26'/>
                    </attachments>
                    <steps/>
                </step>
                <step start='1650354023701' status='passed' stop='1650354023721'>
                    <name>POST /session/:sessionId/element</name>
                    <title>POST /session/:sessionId/element</title>
                    <attachments>
                        <attachment title='Request' source='47012a6c-e532-4b7d-aa33-21a9156e39e9-attachment.json' type='application/json' size='63'/>
                        <attachment title='Response' source='76ff21ee-87ce-4f11-9be9-0f4a821a8816-attachment.json' type='application/json' size='83'/>
                    </attachments>
                    <steps/>
                </step>
                <step start='1650354023729' status='passed' stop='1650354023800'>
                    <name>POST /session/:sessionId/element/6e9d7741-1735-4e1d-947d-f5413a50dc7a/click</name>
                    <title>POST /session/:sessionId/element/6e9d7741-1735-4e1d-947d-f5413a50dc7a/click</title>
                    <attachments/>
                    <steps/>
                </step>
                <step start='1650354026817' status='passed' stop='1650354027057'>
                    <name>GET /session/:sessionId/screenshot</name>
                    <title>GET /session/:sessionId/screenshot</title>
                    <attachments>
                        <attachment title='Screenshot' source='33f1aed1-5e75-4d15-9821-8c4073b3c1b1-attachment.png' type='image/png' size='186412'/>
                    </attachments>
                    <steps/>
                </step>
            </steps>
            <attachments/>
        </test-case>
        <test-case start='1650354027061' status='passed' stop='1650354030405'>
            <name>Login By LinkedIn</name>
            <title>Login By LinkedIn</title>
            <labels>
                <label name='language' value='javascript'/>
                <label name='framework' value='wdio'/>
                <label name='thread' value='0-0'/>
            </labels>
            <parameters>
                <parameter kind='argument' name='browser' value='chrome-100.0.4896.127'/>
            </parameters>
            <steps>
                <step start='1650354027061' status='passed' stop='1650354027078'>
                    <name>POST /session/:sessionId/element</name>
                    <title>POST /session/:sessionId/element</title>
                    <attachments>
                        <attachment title='Request' source='49a945ff-1232-4519-a005-e53dbbd9c66d-attachment.json' type='application/json' size='64'/>
                        <attachment title='Response' source='d3ebe7e4-27fa-4452-b961-a55328ffc91d-attachment.json' type='application/json' size='83'/>
                    </attachments>
                    <steps/>
                </step>
                <step start='1650354027080' status='passed' stop='1650354027177'>
                    <name>POST /session/:sessionId/element/a7b2f3f9-a7f7-4858-949c-ab5469d7d8af/click</name>
                    <title>POST /session/:sessionId/element/a7b2f3f9-a7f7-4858-949c-ab5469d7d8af/click</title>
                    <attachments/>
                    <steps/>
                </step>
                <step start='1650354030187' status='passed' stop='1650354030401'>
                    <name>GET /session/:sessionId/screenshot</name>
                    <title>GET /session/:sessionId/screenshot</title>
                    <attachments>
                        <attachment title='Screenshot' source='19013d66-ffd8-48cd-937c-c33260003b0f-attachment.png' type='image/png' size='193622'/>
                    </attachments>
                    <steps/>
                </step>
            </steps>
            <attachments/>
        </test-case>
        <test-case start='1650354030406' status='broken' stop='1650354030417'>
            <name>empty Password</name>
            <title>empty Password</title>
            <labels>
                <label name='language' value='javascript'/>
                <label name='framework' value='wdio'/>
                <label name='thread' value='0-0'/>
            </labels>
            <parameters>
                <parameter kind='argument' name='browser' value='chrome-100.0.4896.127'/>
            </parameters>
            <steps/>
            <attachments/>
            <failure>
                <message>_loginPage.default.loginAsValid is not a function</message>
                <stack-trace>TypeError: _loginPage.default.loginAsValid is not a function
                    at Context.&lt;anonymous> (C:\Users\FL_LPT-201\Documents\forbes\test\specs\/login.js:32:25)
                    at Context.executeAsync (C:\Users\FL_LPT-201\Documents\forbes\node_modules\@wdio\utils\build\shim.js:331:27)
                    at Context.testFrameworkFnWrapper (C:\Users\FL_LPT-201\Documents\forbes\node_modules\@wdio\utils\build\test-framework\testFnWrapper.js:45:32)</stack-trace>
            </failure>
        </test-case>
        <test-case start='1650354030418' status='broken' stop='1650354030419'>
            <name>Function Of ValidUserName And InValidPassword</name>
            <title>Function Of ValidUserName And InValidPassword</title>
            <labels>
                <label name='language' value='javascript'/>
                <label name='framework' value='wdio'/>
                <label name='thread' value='0-0'/>
            </labels>
            <parameters>
                <parameter kind='argument' name='browser' value='chrome-100.0.4896.127'/>
            </parameters>
            <steps/>
            <attachments/>
            <failure>
                <message>_loginPage.default.loginAsValid is not a function</message>
                <stack-trace>TypeError: _loginPage.default.loginAsValid is not a function
                    at Context.&lt;anonymous> (C:\Users\FL_LPT-201\Documents\forbes\test\specs\/login.js:43:25)
                    at Context.executeAsync (C:\Users\FL_LPT-201\Documents\forbes\node_modules\@wdio\utils\build\shim.js:331:27)
                    at Context.testFrameworkFnWrapper (C:\Users\FL_LPT-201\Documents\forbes\node_modules\@wdio\utils\build\test-framework\testFnWrapper.js:45:32)</stack-trace>
            </failure>
        </test-case>
        <test-case start='1650354030419' status='broken' stop='1650354030421'>
            <name>Function Of InValidUserName And ValidPassword</name>
            <title>Function Of InValidUserName And ValidPassword</title>
            <labels>
                <label name='language' value='javascript'/>
                <label name='framework' value='wdio'/>
                <label name='thread' value='0-0'/>
            </labels>
            <parameters>
                <parameter kind='argument' name='browser' value='chrome-100.0.4896.127'/>
            </parameters>
            <steps/>
            <attachments/>
            <failure>
                <message>_loginPage.default.loginAsValid is not a function</message>
                <stack-trace>TypeError: _loginPage.default.loginAsValid is not a function
                    at Context.&lt;anonymous> (C:\Users\FL_LPT-201\Documents\forbes\test\specs\/login.js:52:25)
                    at Context.executeAsync (C:\Users\FL_LPT-201\Documents\forbes\node_modules\@wdio\utils\build\shim.js:331:27)
                    at Context.testFrameworkFnWrapper (C:\Users\FL_LPT-201\Documents\forbes\node_modules\@wdio\utils\build\test-framework\testFnWrapper.js:45:32)</stack-trace>
            </failure>
        </test-case>
        <test-case start='1650354030421' status='broken' stop='1650354030422'>
            <name>Function Of InValidUserName And InValidPassword</name>
            <title>Function Of InValidUserName And InValidPassword</title>
            <labels>
                <label name='language' value='javascript'/>
                <label name='framework' value='wdio'/>
                <label name='thread' value='0-0'/>
            </labels>
            <parameters>
                <parameter kind='argument' name='browser' value='chrome-100.0.4896.127'/>
            </parameters>
            <steps/>
            <attachments/>
            <failure>
                <message>_loginPage.default.loginAsValid is not a function</message>
                <stack-trace>TypeError: _loginPage.default.loginAsValid is not a function
                    at Context.&lt;anonymous> (C:\Users\FL_LPT-201\Documents\forbes\test\specs\/login.js:60:25)
                    at Context.executeAsync (C:\Users\FL_LPT-201\Documents\forbes\node_modules\@wdio\utils\build\shim.js:331:27)
                    at Context.testFrameworkFnWrapper (C:\Users\FL_LPT-201\Documents\forbes\node_modules\@wdio\utils\build\test-framework\testFnWrapper.js:45:32)</stack-trace>
            </failure>
        </test-case>
        <test-case start='1650354030423' status='broken' stop='1650354032430'>
            <name>Email Password</name>
            <title>Email Password</title>
            <labels>
                <label name='language' value='javascript'/>
                <label name='framework' value='wdio'/>
                <label name='thread' value='0-0'/>
            </labels>
            <parameters>
                <parameter kind='argument' name='browser' value='chrome-100.0.4896.127'/>
            </parameters>
            <steps/>
            <attachments/>
            <failure>
                <message>_loginPage.default.loginAsValid is not a function</message>
                <stack-trace>TypeError: _loginPage.default.loginAsValid is not a function
                    at Context.&lt;anonymous> (C:\Users\FL_LPT-201\Documents\forbes\test\specs\/login.js:71:25)</stack-trace>
            </failure>
        </test-case>
    </test-cases>
</ns2:test-suite>